<log4j:event logger="IgnoreTransaction.Execute" timestamp="1539212943521" level="ERROR" thread="90"><log4j:message>{"trackingCode":"Robot-Anulaciones-Clientes-Externos","component":"IgnoreTransaction.Execute","environment":{"MuteErrors":true,"lignoreTransactionRQRequest":{"MessageHeader":{"From":{"PartyId":[{"type":"sabreXML","Value":"webservices.sabre.com"}]},"To":{"PartyId":[{"type":"sabreXML","Value":"nmviajes.com"}]},"CPAId":"QF05","Service":{"type":"sabreXML","Value":"IgnoreTransactionService"},"Action":"IgnoreTransactionLLSRQ","MessageData":{"MessageId":"20181010-230902u@nmviajes.com","Timestamp":"2018-10-10T23:09:02Z","RefToMessageId":"cid:IgnoreTransactionLLSRQ","TimeToLiveSpecified":false},"version":"2003A.TsabreXML2.0.0"},"Security":{"UsernameToken":{"Username":"5555","Password":"ws071707","Organization":"V70C","Domain":"Default"}},"IgnoreTransactionRQ":{"ReturnHostCommand":true,"ReturnHostCommandSpecified":true,"TimeStamp":"2018-10-10T23:09:02.5235901Z","TimeStampSpecified":true,"Version":"2.0.0"}},"lrespuesta":{"Ok":false}}}</log4j:message><log4j:properties><log4j:data name="log4jmachinename" value="NM30LEN" /><log4j:data name="log4japp" value="/LM/W3SVC/14/ROOT-1-131836781141874029" /><log4j:data name="log4net:Identity" value="" /><log4j:data name="log4net:UserName" value="QP35\fgoñi" /><log4j:data name="log4net:HostName" value="NM30LEN" /></log4j:properties><log4j:throwable><![CDATA[System.ServiceModel.FaultException: Missing <eb:ConversationId> in <eb:MessageHeader>!

Server stack trace: 
   en System.ServiceModel.Channels.ServiceChannel.HandleReply(ProxyOperationRuntime operation, ProxyRpc& rpc)
   en System.ServiceModel.Channels.ServiceChannel.Call(String action, Boolean oneway, ProxyOperationRuntime operation, Object[] ins, Object[] outs, TimeSpan timeout)
   en System.ServiceModel.Channels.ServiceChannelProxy.InvokeService(IMethodCallMessage methodCall, ProxyOperationRuntime operation)
   en System.ServiceModel.Channels.ServiceChannelProxy.Invoke(IMessage message)

Exception rethrown at [0]: 
   en System.Runtime.Remoting.Proxies.RealProxy.HandleReturnMessage(IMessage reqMsg, IMessage retMsg)
   en System.Runtime.Remoting.Proxies.RealProxy.PrivateInvoke(MessageData& msgData, Int32 type)
   en SabreLib.Sabre_IgnoreTransactionLLS_200.IgnoreTransactionPortType.IgnoreTransactionRQ(IgnoreTransactionRQRequest request)
   en SabreLib.Transaction.IgnoreTransaction.Execute() en d:\Proyectos\GDS_ServicioGDS\Librerias\GDS\SabreLib\Code\Transaction\IgnoreTransaction.cs:línea 132]]></log4j:throwable></log4j:event>
<log4j:event logger="SabreCommand.Execute" timestamp="1539212944346" level="ERROR" thread="90"><log4j:message>{"trackingCode":"Robot-Anulaciones-Clientes-Externos","component":"SabreCommand.Execute","environment":{"MuteErrors":true,"comando":"*S","lsabreCommandLLSRQRequest1":{"MessageHeader":{"From":{"PartyId":[{"type":"sabreXML","Value":"webservices.sabre.com"}]},"To":{"PartyId":[{"type":"sabreXML","Value":"nmviajes.com"}]},"CPAId":"QF05","Service":{"type":"sabreXML","Value":"SabreCommandLLSService"},"Action":"SabreCommandLLSRQ","MessageData":{"MessageId":"20181010-230903u@nmviajes.com","Timestamp":"2018-10-10T23:09:03Z","RefToMessageId":"cid:SabreCommandLLSRQ","TimeToLiveSpecified":false},"version":"2003A.TsabreXML1.8.1"},"Security":{"UsernameToken":{"Username":"5555","Password":"ws071707","Organization":"V70C","Domain":"Default"}},"SabreCommandLLSRQ":{"Request":{"HostCommand":"*S","Output":1,"CDATA":true},"EchoToken":"String","TimeStamp":"2018-10-10T06:09:03","Target":1,"Version":"1.8.1","SequenceNmbr":"1","PrimaryLangID":"en-us","AltLangID":"en-us"}},"lrespuesta":{"Ok":false}}}</log4j:message><log4j:properties><log4j:data name="log4jmachinename" value="NM30LEN" /><log4j:data name="log4japp" value="/LM/W3SVC/14/ROOT-1-131836781141874029" /><log4j:data name="log4net:Identity" value="" /><log4j:data name="log4net:UserName" value="QP35\fgoñi" /><log4j:data name="log4net:HostName" value="NM30LEN" /></log4j:properties><log4j:throwable><![CDATA[System.ServiceModel.FaultException: Missing <eb:ConversationId> in <eb:MessageHeader>!

Server stack trace: 
   en System.ServiceModel.Channels.ServiceChannel.HandleReply(ProxyOperationRuntime operation, ProxyRpc& rpc)
   en System.ServiceModel.Channels.ServiceChannel.Call(String action, Boolean oneway, ProxyOperationRuntime operation, Object[] ins, Object[] outs, TimeSpan timeout)
   en System.ServiceModel.Channels.ServiceChannelProxy.InvokeService(IMethodCallMessage methodCall, ProxyOperationRuntime operation)
   en System.ServiceModel.Channels.ServiceChannelProxy.Invoke(IMessage message)

Exception rethrown at [0]: 
   en System.Runtime.Remoting.Proxies.RealProxy.HandleReturnMessage(IMessage reqMsg, IMessage retMsg)
   en System.Runtime.Remoting.Proxies.RealProxy.PrivateInvoke(MessageData& msgData, Int32 type)
   en SabreLib.Sabre_SabreCommandLLS_181.SabreCommandLLSPortType.SabreCommandLLSRQ(SabreCommandLLSRQRequest1 request)
   en SabreLib.Herramientas.SabreCommand.Execute(String comando) en d:\Proyectos\GDS_ServicioGDS\Librerias\GDS\SabreLib\Code\Herramientas\SabreCommand.cs:línea 133]]></log4j:throwable></log4j:event>
<log4j:event logger="ContextChange.Execute" timestamp="1539212945126" level="ERROR" thread="90"><log4j:message>{"trackingCode":"Robot-Anulaciones-Clientes-Externos","component":"ContextChange.Execute","environment":{"MuteErrors":true,"pseudo":"QF05","lcontextChangeRQRequest":{"MessageHeader":{"From":{"PartyId":[{"type":"sabreXML","Value":"webservices.sabre.com"}]},"To":{"PartyId":[{"type":"sabreXML","Value":"nmviajes.com"}]},"CPAId":"QF05","Service":{"type":"sabreXML","Value":"ContextChangeService"},"Action":"ContextChangeLLSRQ","MessageData":{"MessageId":"20181010-230904u@nmviajes.com","Timestamp":"2018-10-10T23:09:04Z","RefToMessageId":"cid:ContextChangeLLSRQ","TimeToLiveSpecified":false},"version":"2003A.TsabreXML2.0.3"},"Security":{"UsernameToken":{"Username":"5555","Password":"ws071707","Organization":"V70C","Domain":"Default"}},"ContextChangeRQ":{"ChangeAAA":{"PseudoCityCode":"QF05"},"ReturnHostCommand":true,"ReturnHostCommandSpecified":true,"TimeStamp":"2018-10-10T23:09:04.3765726Z","TimeStampSpecified":true,"Version":"2.0.3"}},"lrespuesta":{"Ok":false}}}</log4j:message><log4j:properties><log4j:data name="log4jmachinename" value="NM30LEN" /><log4j:data name="log4japp" value="/LM/W3SVC/14/ROOT-1-131836781141874029" /><log4j:data name="log4net:Identity" value="" /><log4j:data name="log4net:UserName" value="QP35\fgoñi" /><log4j:data name="log4net:HostName" value="NM30LEN" /></log4j:properties><log4j:throwable><![CDATA[System.ServiceModel.FaultException: Missing <eb:ConversationId> in <eb:MessageHeader>!

Server stack trace: 
   en System.ServiceModel.Channels.ServiceChannel.HandleReply(ProxyOperationRuntime operation, ProxyRpc& rpc)
   en System.ServiceModel.Channels.ServiceChannel.Call(String action, Boolean oneway, ProxyOperationRuntime operation, Object[] ins, Object[] outs, TimeSpan timeout)
   en System.ServiceModel.Channels.ServiceChannelProxy.InvokeService(IMethodCallMessage methodCall, ProxyOperationRuntime operation)
   en System.ServiceModel.Channels.ServiceChannelProxy.Invoke(IMessage message)

Exception rethrown at [0]: 
   en System.Runtime.Remoting.Proxies.RealProxy.HandleReturnMessage(IMessage reqMsg, IMessage retMsg)
   en System.Runtime.Remoting.Proxies.RealProxy.PrivateInvoke(MessageData& msgData, Int32 type)
   en SabreLib.Sabre_ContextChangeLLS_203.ContextChangePortType.ContextChangeRQ(ContextChangeRQRequest request)
   en SabreLib.Herramientas.ContextChange.Execute(String pseudo, CE_Session& sesion) en d:\Proyectos\GDS_ServicioGDS\Librerias\GDS\SabreLib\Code\Herramientas\ContextChange.cs:línea 153]]></log4j:throwable></log4j:event>
<log4j:event logger="Anulacion.AnularBoletos" timestamp="1539212945206" level="ERROR" thread="90"><log4j:message>{"component":"Anulacion.AnularBoletos"}</log4j:message><log4j:properties><log4j:data name="log4jmachinename" value="NM30LEN" /><log4j:data name="log4japp" value="/LM/W3SVC/14/ROOT-1-131836781141874029" /><log4j:data name="log4net:Identity" value="" /><log4j:data name="log4net:UserName" value="QP35\fgoñi" /><log4j:data name="log4net:HostName" value="NM30LEN" /></log4j:properties><log4j:throwable>EntidadesGDS.InternalException: No se pudo Comprobar el cambio de Pseudo
   en GDSLib.Sabre.Anulacion.CambiarContexto(String pseudoTarget) en d:\Proyectos\GDS_ServicioGDS\Librerias\GDSLib\Code\Sabre\Anulacion.cs:línea 305
   en GDSLib.Sabre.Anulacion.AnularBoletos(RQ_AnulacionBoleto parametros, CE_Boleto[]&amp; boletosOut) en d:\Proyectos\GDS_ServicioGDS\Librerias\GDSLib\Code\Sabre\Anulacion.cs:línea 116</log4j:throwable></log4j:event>
<log4j:event logger="IgnoreTransaction.Execute" timestamp="1539213159445" level="ERROR" thread="82"><log4j:message>{"trackingCode":"Robot-Anulaciones-Clientes-Externos","component":"IgnoreTransaction.Execute","environment":{"MuteErrors":true,"lignoreTransactionRQRequest":{"MessageHeader":{"From":{"PartyId":[{"type":"sabreXML","Value":"webservices.sabre.com"}]},"To":{"PartyId":[{"type":"sabreXML","Value":"nmviajes.com"}]},"CPAId":"QF05","Service":{"type":"sabreXML","Value":"IgnoreTransactionService"},"Action":"IgnoreTransactionLLSRQ","MessageData":{"MessageId":"20181010-231238u@nmviajes.com","Timestamp":"2018-10-10T23:12:38Z","RefToMessageId":"cid:IgnoreTransactionLLSRQ","TimeToLiveSpecified":false},"version":"2003A.TsabreXML2.0.0"},"Security":{"UsernameToken":{"Username":"5555","Password":"ws071707","Organization":"V70C","Domain":"Default"}},"IgnoreTransactionRQ":{"ReturnHostCommand":true,"ReturnHostCommandSpecified":true,"TimeStamp":"2018-10-10T23:12:38.3727454Z","TimeStampSpecified":true,"Version":"2.0.0"}},"lrespuesta":{"Ok":false}}}</log4j:message><log4j:properties><log4j:data name="log4jmachinename" value="NM30LEN" /><log4j:data name="log4japp" value="/LM/W3SVC/14/ROOT-1-131836781141874029" /><log4j:data name="log4net:Identity" value="" /><log4j:data name="log4net:UserName" value="QP35\fgoñi" /><log4j:data name="log4net:HostName" value="NM30LEN" /></log4j:properties><log4j:throwable><![CDATA[System.ServiceModel.FaultException: Missing <eb:ConversationId> in <eb:MessageHeader>!

Server stack trace: 
   en System.ServiceModel.Channels.ServiceChannel.HandleReply(ProxyOperationRuntime operation, ProxyRpc& rpc)
   en System.ServiceModel.Channels.ServiceChannel.Call(String action, Boolean oneway, ProxyOperationRuntime operation, Object[] ins, Object[] outs, TimeSpan timeout)
   en System.ServiceModel.Channels.ServiceChannelProxy.InvokeService(IMethodCallMessage methodCall, ProxyOperationRuntime operation)
   en System.ServiceModel.Channels.ServiceChannelProxy.Invoke(IMessage message)

Exception rethrown at [0]: 
   en System.Runtime.Remoting.Proxies.RealProxy.HandleReturnMessage(IMessage reqMsg, IMessage retMsg)
   en System.Runtime.Remoting.Proxies.RealProxy.PrivateInvoke(MessageData& msgData, Int32 type)
   en SabreLib.Sabre_IgnoreTransactionLLS_200.IgnoreTransactionPortType.IgnoreTransactionRQ(IgnoreTransactionRQRequest request)
   en SabreLib.Transaction.IgnoreTransaction.Execute() en d:\Proyectos\GDS_ServicioGDS\Librerias\GDS\SabreLib\Code\Transaction\IgnoreTransaction.cs:línea 132]]></log4j:throwable></log4j:event>
<log4j:event logger="IgnoreTransaction.Execute" timestamp="1539217653147" level="ERROR" thread="4"><log4j:message>{"trackingCode":"Robot-Anulaciones-Clientes-Externos","component":"IgnoreTransaction.Execute","environment":{"MuteErrors":true,"lignoreTransactionRQRequest":{"MessageHeader":{"From":{"PartyId":[{"type":"sabreXML","Value":"webservices.sabre.com"}]},"To":{"PartyId":[{"type":"sabreXML","Value":"nmviajes.com"}]},"CPAId":"QF05","Service":{"type":"sabreXML","Value":"IgnoreTransactionService"},"Action":"IgnoreTransactionLLSRQ","MessageData":{"MessageId":"20181011-002732u@nmviajes.com","Timestamp":"2018-10-11T00:27:32Z","RefToMessageId":"cid:IgnoreTransactionLLSRQ","TimeToLiveSpecified":false},"version":"2003A.TsabreXML2.0.0"},"Security":{"UsernameToken":{"Username":"5555","Password":"ws071707","Organization":"V70C","Domain":"Default"}},"IgnoreTransactionRQ":{"ReturnHostCommand":true,"ReturnHostCommandSpecified":true,"TimeStamp":"2018-10-11T00:27:32.2989585Z","TimeStampSpecified":true,"Version":"2.0.0"}},"lrespuesta":{"Ok":false}}}</log4j:message><log4j:properties><log4j:data name="log4jmachinename" value="NM30LEN" /><log4j:data name="log4japp" value="/LM/W3SVC/14/ROOT-1-131836900594885237" /><log4j:data name="log4net:Identity" value="" /><log4j:data name="log4net:UserName" value="QP35\fgoñi" /><log4j:data name="log4net:HostName" value="NM30LEN" /></log4j:properties><log4j:throwable><![CDATA[System.ServiceModel.FaultException: Missing <eb:ConversationId> in <eb:MessageHeader>!

Server stack trace: 
   en System.ServiceModel.Channels.ServiceChannel.HandleReply(ProxyOperationRuntime operation, ProxyRpc& rpc)
   en System.ServiceModel.Channels.ServiceChannel.Call(String action, Boolean oneway, ProxyOperationRuntime operation, Object[] ins, Object[] outs, TimeSpan timeout)
   en System.ServiceModel.Channels.ServiceChannelProxy.InvokeService(IMethodCallMessage methodCall, ProxyOperationRuntime operation)
   en System.ServiceModel.Channels.ServiceChannelProxy.Invoke(IMessage message)

Exception rethrown at [0]: 
   en System.Runtime.Remoting.Proxies.RealProxy.HandleReturnMessage(IMessage reqMsg, IMessage retMsg)
   en System.Runtime.Remoting.Proxies.RealProxy.PrivateInvoke(MessageData& msgData, Int32 type)
   en SabreLib.Sabre_IgnoreTransactionLLS_200.IgnoreTransactionPortType.IgnoreTransactionRQ(IgnoreTransactionRQRequest request)
   en SabreLib.Transaction.IgnoreTransaction.Execute() en d:\Proyectos\GDS_ServicioGDS\Librerias\GDS\SabreLib\Code\Transaction\IgnoreTransaction.cs:línea 132]]></log4j:throwable></log4j:event>
